This is pdfTeX, Version 3.14159265-2.6-1.40.19 (MiKTeX 2.9.6730 64-bit) (preloaded format=pdflatex 2018.7.6)  26 JUL 2018 22:27
entering extended mode
**./paper.tex
(paper.tex
LaTeX2e <2018-04-01> patch level 5
(C:\TeX\MiKTeX\tex\latex\base\article.cls
Document Class: article 2014/09/29 v1.4h Standard LaTeX document class
(C:\TeX\MiKTeX\tex\latex\base\size10.clo
File: size10.clo 2014/09/29 v1.4h Standard LaTeX file (size option)
)
\c@part=\count80
\c@section=\count81
\c@subsection=\count82
\c@subsubsection=\count83
\c@paragraph=\count84
\c@subparagraph=\count85
\c@figure=\count86
\c@table=\count87
\abovecaptionskip=\skip41
\belowcaptionskip=\skip42
\bibindent=\dimen102
)
(C:\TeX\MiKTeX\tex\latex\natbib\natbib.sty
Package: natbib 2010/09/13 8.31b (PWD, AO)
\bibhang=\skip43
\bibsep=\skip44
LaTeX Info: Redefining \cite on input line 694.
\c@NAT@ctr=\count88
) (mhchem.sty
Package: mhchem 2007/05/19 v3.07 for typesetting chemical formulae

(C:\TeX\MiKTeX\tex\latex\base\ifthen.sty
Package: ifthen 2014/09/29 v1.1c Standard LaTeX ifthen package (DPC)
)
(C:\TeX\MiKTeX\tex\latex\tools\calc.sty
Package: calc 2017/05/25 v4.3 Infix arithmetic (KKT,FJ)
\calc@Acount=\count89
\calc@Bcount=\count90
\calc@Adimen=\dimen103
\calc@Bdimen=\dimen104
\calc@Askip=\skip45
\calc@Bskip=\skip46
LaTeX Info: Redefining \setlength on input line 80.
LaTeX Info: Redefining \addtolength on input line 81.
\calc@Ccount=\count91
\calc@Cskip=\skip47
)
(C:\TeX\MiKTeX\tex\latex\oberdiek\twoopt.sty
Package: twoopt 2016/05/16 v1.6 Definitions with two optional arguments (HO)
)
(C:\TeX\MiKTeX\tex\latex\amsmath\amsmath.sty
Package: amsmath 2017/09/02 v2.17a AMS math features
\@mathmargin=\skip48

For additional information on amsmath, use the `?' option.
(C:\TeX\MiKTeX\tex\latex\amsmath\amstext.sty
Package: amstext 2000/06/29 v2.01 AMS text

(C:\TeX\MiKTeX\tex\latex\amsmath\amsgen.sty
File: amsgen.sty 1999/11/30 v2.0 generic functions
\@emptytoks=\toks14
\ex@=\dimen105
))
(C:\TeX\MiKTeX\tex\latex\amsmath\amsbsy.sty
Package: amsbsy 1999/11/29 v1.2d Bold Symbols
\pmbraise@=\dimen106
)
(C:\TeX\MiKTeX\tex\latex\amsmath\amsopn.sty
Package: amsopn 2016/03/08 v2.02 operator names
)
\inf@bad=\count92
LaTeX Info: Redefining \frac on input line 213.
\uproot@=\count93
\leftroot@=\count94
LaTeX Info: Redefining \overline on input line 375.
\classnum@=\count95
\DOTSCASE@=\count96
LaTeX Info: Redefining \ldots on input line 472.
LaTeX Info: Redefining \dots on input line 475.
LaTeX Info: Redefining \cdots on input line 596.
\Mathstrutbox@=\box26
\strutbox@=\box27
\big@size=\dimen107
LaTeX Font Info:    Redeclaring font encoding OML on input line 712.
LaTeX Font Info:    Redeclaring font encoding OMS on input line 713.
\macc@depth=\count97
\c@MaxMatrixCols=\count98
\dotsspace@=\muskip10
\c@parentequation=\count99
\dspbrk@lvl=\count100
\tag@help=\toks15
\row@=\count101
\column@=\count102
\maxfields@=\count103
\andhelp@=\toks16
\eqnshift@=\dimen108
\alignsep@=\dimen109
\tagshift@=\dimen110
\tagwidth@=\dimen111
\totwidth@=\dimen112
\lineht@=\dimen113
\@envbody=\toks17
\multlinegap=\skip49
\multlinetaggap=\skip50
\mathdisplay@stack=\toks18
LaTeX Info: Redefining \[ on input line 2817.
LaTeX Info: Redefining \] on input line 2818.
)
(C:\TeX\MiKTeX\tex\latex\graphics\keyval.sty
Package: keyval 2014/10/28 v1.15 key=value parser (DPC)
\KV@toks@=\toks19
)
(C:\TeX\MiKTeX\tex\latex\graphics\graphics.sty
Package: graphics 2017/06/25 v1.2c Standard LaTeX Graphics (DPC,SPQR)

(C:\TeX\MiKTeX\tex\latex\graphics\trig.sty
Package: trig 2016/01/03 v1.10 sin cos tan (DPC)
)
(C:\TeX\MiKTeX\tex\latex\graphics-cfg\graphics.cfg
File: graphics.cfg 2016/06/04 v1.11 sample graphics configuration
)
Package graphics Info: Driver file: pdftex.def on input line 99.

(C:\TeX\MiKTeX\tex\latex\graphics-def\pdftex.def
File: pdftex.def 2018/01/08 v1.0l Graphics/color driver for pdftex
))
\tok@mhchem@ce@iii=\toks20
\mhchem@arrowminlength=\skip51
\mhchem@arrows@box=\box28
\mhchem@arrowlength@pgf=\skip52
\mhchem@arrowminlength@pgf=\skip53
\mhchem@bondwidth=\skip54
\mhchem@bondheight=\skip55
\mhchem@smallbondwidth@tmpA=\skip56
\mhchem@smallbondwidth@tmpB=\skip57
\mhchem@smallbondwidth=\skip58
\mhchem@cf@element=\toks21
\mhchem@cf@number=\toks22
\mhchem@cf@sup=\toks23
\tok@mhchem@cf@i=\toks24
\c@mhchem@cf@length=\count104
\mhchem@cf@replaceminus@tok=\toks25
\mhchem@option@minussidebearingleft=\skip59
\mhchem@option@minussidebearingright=\skip60


Package mhchem Warning: You did not specify a 'version' option for the mhchem
(mhchem)                package. This means you EITHER have an existing
(mhchem)                document and mhchem was updated to a newer version.
(mhchem)                Please check the mhchem manual in that case! OR, you
(mhchem)                are about to create a new document; in this case,
(mhchem)                please write \usepackage[version=3]{mhchem} in your pre
amble in
(mhchem)                order to use the most recent version of mhchem.

) (C:\TeX\MiKTeX\tex\latex\psnfss\times.sty
Package: times 2005/04/12 PSNFSS-v9.2a (SPQR) 
)
(C:\TeX\MiKTeX\tex\latex\psnfss\mathptmx.sty
Package: mathptmx 2005/04/12 PSNFSS-v9.2a Times w/ Math, improved (SPQR, WaS) 
LaTeX Font Info:    Redeclaring symbol font `operators' on input line 28.
LaTeX Font Info:    Overwriting symbol font `operators' in version `normal'
(Font)                  OT1/cmr/m/n --> OT1/ztmcm/m/n on input line 28.
LaTeX Font Info:    Overwriting symbol font `operators' in version `bold'
(Font)                  OT1/cmr/bx/n --> OT1/ztmcm/m/n on input line 28.
LaTeX Font Info:    Redeclaring symbol font `letters' on input line 29.
LaTeX Font Info:    Overwriting symbol font `letters' in version `normal'
(Font)                  OML/cmm/m/it --> OML/ztmcm/m/it on input line 29.
LaTeX Font Info:    Overwriting symbol font `letters' in version `bold'
(Font)                  OML/cmm/b/it --> OML/ztmcm/m/it on input line 29.
LaTeX Font Info:    Redeclaring symbol font `symbols' on input line 30.
LaTeX Font Info:    Overwriting symbol font `symbols' in version `normal'
(Font)                  OMS/cmsy/m/n --> OMS/ztmcm/m/n on input line 30.
LaTeX Font Info:    Overwriting symbol font `symbols' in version `bold'
(Font)                  OMS/cmsy/b/n --> OMS/ztmcm/m/n on input line 30.
LaTeX Font Info:    Redeclaring symbol font `largesymbols' on input line 31.
LaTeX Font Info:    Overwriting symbol font `largesymbols' in version `normal'
(Font)                  OMX/cmex/m/n --> OMX/ztmcm/m/n on input line 31.
LaTeX Font Info:    Overwriting symbol font `largesymbols' in version `bold'
(Font)                  OMX/cmex/m/n --> OMX/ztmcm/m/n on input line 31.
\symbold=\mathgroup4
\symitalic=\mathgroup5
LaTeX Font Info:    Redeclaring math alphabet \mathbf on input line 34.
LaTeX Font Info:    Overwriting math alphabet `\mathbf' in version `normal'
(Font)                  OT1/cmr/bx/n --> OT1/ptm/bx/n on input line 34.
LaTeX Font Info:    Overwriting math alphabet `\mathbf' in version `bold'
(Font)                  OT1/cmr/bx/n --> OT1/ptm/bx/n on input line 34.
LaTeX Font Info:    Redeclaring math alphabet \mathit on input line 35.
LaTeX Font Info:    Overwriting math alphabet `\mathit' in version `normal'
(Font)                  OT1/cmr/m/it --> OT1/ptm/m/it on input line 35.
LaTeX Font Info:    Overwriting math alphabet `\mathit' in version `bold'
(Font)                  OT1/cmr/bx/it --> OT1/ptm/m/it on input line 35.
LaTeX Info: Redefining \hbar on input line 50.
)
(C:\TeX\MiKTeX\tex\latex\sectsty\sectsty.sty
Package: sectsty 2002/02/25 v2.0.2 Commands to change all sectional heading sty
les
) (balance.sty
Package: balance 1999/02/23 4.3 (PWD)
\oldvsize=\dimen114
)
(C:\TeX\MiKTeX\tex\latex\graphics\graphicx.sty
Package: graphicx 2017/06/01 v1.1a Enhanced LaTeX Graphics (DPC,SPQR)
\Gin@req@height=\dimen115
\Gin@req@width=\dimen116
)
(C:\TeX\MiKTeX\tex\latex\lastpage\lastpage.sty
Package: lastpage 2015/03/29 v1.2m Refers to last page's name (HMM; JPG)
) (caption.sty
Package: caption 2008/04/01 v3.1h Customizing captions (AR)
 (caption3.sty
Package: caption3 2009/10/09 v3.1k caption3 kernel (AR)
\captionmargin=\dimen117
\captionmargin@=\dimen118
\captionwidth=\dimen119
\caption@indent=\dimen120
\caption@parindent=\dimen121
\caption@hangindent=\dimen122
)
\c@ContinuedFloat=\count105
)
(fancyhdr.sty
\fancy@headwidth=\skip61
\f@ncyO@elh=\skip62
\f@ncyO@erh=\skip63
\f@ncyO@olh=\skip64
\f@ncyO@orh=\skip65
\f@ncyO@elf=\skip66
\f@ncyO@erf=\skip67
\f@ncyO@olf=\skip68
\f@ncyO@orf=\skip69
)

LaTeX Warning: Unused global option(s):
    [8.5pt].

(paper.aux)
\openout1 = `paper.aux'.

LaTeX Font Info:    Checking defaults for OML/cmm/m/it on input line 28.
LaTeX Font Info:    ... okay on input line 28.
LaTeX Font Info:    Checking defaults for T1/cmr/m/n on input line 28.
LaTeX Font Info:    ... okay on input line 28.
LaTeX Font Info:    Checking defaults for OT1/cmr/m/n on input line 28.
LaTeX Font Info:    ... okay on input line 28.
LaTeX Font Info:    Checking defaults for OMS/cmsy/m/n on input line 28.
LaTeX Font Info:    ... okay on input line 28.
LaTeX Font Info:    Checking defaults for OMX/cmex/m/n on input line 28.
LaTeX Font Info:    ... okay on input line 28.
LaTeX Font Info:    Checking defaults for U/cmr/m/n on input line 28.
LaTeX Font Info:    ... okay on input line 28.
LaTeX Font Info:    Try loading font information for OT1+ptm on input line 28.
 (C:\TeX\MiKTeX\tex\latex\psnfss\ot1ptm.fd
File: ot1ptm.fd 2001/06/04 font definitions for OT1/ptm.
)
(C:\TeX\MiKTeX\tex\context\base\supp-pdf.mkii
[Loading MPS to PDF converter (version 2006.09.02).]
\scratchcounter=\count106
\scratchdimen=\dimen123
\scratchbox=\box29
\nofMPsegments=\count107
\nofMParguments=\count108
\everyMPshowfont=\toks26
\MPscratchCnt=\count109
\MPscratchDim=\dimen124
\MPnumerator=\count110
\makeMPintoPDFobject=\count111
\everyMPtoPDFconversion=\toks27
) (C:\TeX\MiKTeX\tex\latex\oberdiek\epstopdf-base.sty
Package: epstopdf-base 2016/05/15 v2.6 Base part for package epstopdf

(C:\TeX\MiKTeX\tex\generic\oberdiek\infwarerr.sty
Package: infwarerr 2016/05/16 v1.4 Providing info/warning/error messages (HO)
)
(C:\TeX\MiKTeX\tex\latex\oberdiek\grfext.sty
Package: grfext 2016/05/16 v1.2 Manage graphics extensions (HO)

(C:\TeX\MiKTeX\tex\generic\oberdiek\kvdefinekeys.sty
Package: kvdefinekeys 2016/05/16 v1.4 Define keys (HO)

(C:\TeX\MiKTeX\tex\generic\oberdiek\ltxcmds.sty
Package: ltxcmds 2016/05/16 v1.23 LaTeX kernel commands for general use (HO)
)))
(C:\TeX\MiKTeX\tex\latex\oberdiek\kvoptions.sty
Package: kvoptions 2016/05/16 v3.12 Key value format for package options (HO)

(C:\TeX\MiKTeX\tex\generic\oberdiek\kvsetkeys.sty
Package: kvsetkeys 2016/05/16 v1.17 Key value parser (HO)

(C:\TeX\MiKTeX\tex\generic\oberdiek\etexcmds.sty
Package: etexcmds 2016/05/16 v1.6 Avoid name clashes with e-TeX commands (HO)

(C:\TeX\MiKTeX\tex\generic\oberdiek\ifluatex.sty
Package: ifluatex 2016/05/16 v1.4 Provides the ifluatex switch (HO)
Package ifluatex Info: LuaTeX not detected.
)
Package etexcmds Info: Could not find \expanded.
(etexcmds)             That can mean that you are not using pdfTeX 1.50 or
(etexcmds)             that some package has redefined \expanded.
(etexcmds)             In the latter case, load this package earlier.
)))
(C:\TeX\MiKTeX\tex\generic\oberdiek\pdftexcmds.sty
Package: pdftexcmds 2018/01/30 v0.27 Utility functions of pdfTeX for LuaTeX (HO
)

(C:\TeX\MiKTeX\tex\generic\oberdiek\ifpdf.sty
Package: ifpdf 2017/03/15 v3.2 Provides the ifpdf switch
)
Package pdftexcmds Info: LuaTeX not detected.
Package pdftexcmds Info: \pdf@primitive is available.
Package pdftexcmds Info: \pdf@ifprimitive is available.
Package pdftexcmds Info: \pdfdraftmode found.
)
Package epstopdf-base Info: Redefining graphics rule for `.eps' on input line 4
38.
Package grfext Info: Graphics extension search list:
(grfext)             [.pdf,.png,.jpg,.mps,.jpeg,.jbig2,.jb2,.PDF,.PNG,.JPG,.JPE
G,.JBIG2,.JB2,.eps]
(grfext)             \AppendGraphicsExtensions on input line 456.
)
Package lastpage Info: Please have a look at the pageslts package at
(lastpage)             https://www.ctan.org/pkg/pageslts
(lastpage)             ! on input line 28.
Package caption Info: Begin \AtBeginDocument code.
Package caption Info: End \AtBeginDocument code.
LaTeX Font Info:    Font shape `OT1/ptm/bx/n' in size <17.28> not available
(Font)              Font shape `OT1/ptm/b/n' tried instead on input line 87.
LaTeX Font Info:    Try loading font information for OT1+ztmcm on input line 87
.

(C:\TeX\MiKTeX\tex\latex\psnfss\ot1ztmcm.fd
File: ot1ztmcm.fd 2000/01/03 Fontinst v1.801 font definitions for OT1/ztmcm.
)
LaTeX Font Info:    Try loading font information for OML+ztmcm on input line 87
.

(C:\TeX\MiKTeX\tex\latex\psnfss\omlztmcm.fd
File: omlztmcm.fd 2000/01/03 Fontinst v1.801 font definitions for OML/ztmcm.
)
LaTeX Font Info:    Try loading font information for OMS+ztmcm on input line 87
.

(C:\TeX\MiKTeX\tex\latex\psnfss\omsztmcm.fd
File: omsztmcm.fd 2000/01/03 Fontinst v1.801 font definitions for OMS/ztmcm.
)
LaTeX Font Info:    Try loading font information for OMX+ztmcm on input line 87
.

(C:\TeX\MiKTeX\tex\latex\psnfss\omxztmcm.fd
File: omxztmcm.fd 2000/01/03 Fontinst v1.801 font definitions for OMX/ztmcm.
)
LaTeX Font Info:    Font shape `OT1/ptm/bx/n' in size <12> not available
(Font)              Font shape `OT1/ptm/b/n' tried instead on input line 87.
LaTeX Font Info:    Font shape `OT1/ptm/bx/n' in size <10> not available
(Font)              Font shape `OT1/ptm/b/n' tried instead on input line 87.
LaTeX Font Info:    Font shape `OT1/ptm/bx/n' in size <9> not available
(Font)              Font shape `OT1/ptm/b/n' tried instead on input line 87.
LaTeX Font Info:    Font shape `OT1/ptm/bx/n' in size <7> not available
(Font)              Font shape `OT1/ptm/b/n' tried instead on input line 87.
LaTeX Font Info:    Font shape `OT1/ptm/bx/it' in size <12> not available
(Font)              Font shape `OT1/ptm/b/it' tried instead on input line 87.
LaTeX Font Info:    Font shape `OT1/ptm/bx/it' in size <9> not available
(Font)              Font shape `OT1/ptm/b/it' tried instead on input line 87.
LaTeX Font Info:    Font shape `OT1/ptm/bx/n' in size <14.4> not available
(Font)              Font shape `OT1/ptm/b/n' tried instead on input line 90.
LaTeX Font Info:    Try loading font information for OMS+ptm on input line 92.

(C:\TeX\MiKTeX\tex\latex\psnfss\omsptm.fd
File: omsptm.fd 
)
LaTeX Font Info:    Font shape `OMS/ptm/m/n' in size <8> not available
(Font)              Font shape `OMS/cmsy/m/n' tried instead on input line 92.
LaTeX Font Info:    Font shape `OT1/ptm/bx/n' in size <8> not available
(Font)              Font shape `OT1/ptm/b/n' tried instead on input line 97.
LaTeX Font Info:    Font shape `OT1/ptm/bx/n' in size <6> not available
(Font)              Font shape `OT1/ptm/b/n' tried instead on input line 97.
LaTeX Font Info:    Font shape `OT1/ptm/bx/n' in size <5> not available
(Font)              Font shape `OT1/ptm/b/n' tried instead on input line 97.
LaTeX Font Info:    Try loading font information for OT1+pcr on input line 102.


(C:\TeX\MiKTeX\tex\latex\psnfss\ot1pcr.fd
File: ot1pcr.fd 2001/06/04 font definitions for OT1/pcr.
)
LaTeX Font Info:    Try loading font information for OMS+pcr on input line 102.


(C:\TeX\MiKTeX\tex\latex\psnfss\omspcr.fd
File: omspcr.fd 
)
LaTeX Font Info:    Font shape `OMS/pcr/m/n' in size <8> not available
(Font)              Font shape `OMS/cmsy/m/n' tried instead on input line 102.
LaTeX Font Info:    Font shape `OT1/ptm/bx/n' in size <7.4> not available
(Font)              Font shape `OT1/ptm/b/n' tried instead on input line 105.


Package natbib Warning: Citation `Mena2000' on page 1 undefined on input line 1
05.


Package natbib Warning: Citation `Abernethy2003' on page 1 undefined on input l
ine 108.

LaTeX Font Info:    Font shape `OMS/pcr/m/n' in size <10> not available
(Font)              Font shape `OMS/cmsy/m/n' tried instead on input line 112.

Package natbib Warning: Citation `Cotton1999' on page 1 undefined on input line
 126.

<example.pdf, id=1, 148.555pt x 194.7275pt>
File: example.pdf Graphic file (type pdf)
<use example.pdf>
Package pdftex.def Info: example.pdf  used on input line 130.
(pdftex.def)             Requested size: 65.11731pt x 85.35826pt.

Package natbib Warning: Citation `Arduengo1992' on page 1 undefined on input li
ne 144.


Package natbib Warning: Citation `Eisenstein2005' on page 1 undefined on input 
line 144.


Overfull \hbox (9.24715pt too wide) in paragraph at lines 151--161
[][] 
 []

LaTeX Font Info:    Font shape `OMS/ptm/m/n' in size <7.4> not available
(Font)              Font shape `OMS/cmsy/m/n' tried instead on input line 188.
No file paper.bbl.

Package natbib Warning: There were undefined citations.


AED: lastpage setting LastPage
<headers/LH.pdf, id=2, 56.21pt x 7.02625pt>
File: headers/LH.pdf Graphic file (type pdf)
<use headers/LH.pdf>
Package pdftex.def Info: headers/LH.pdf  used on input line 207.
(pdftex.def)             Requested size: 64.00714pt x 8.0pt.
<headers/CH.pdf, id=3, 255.95625pt x 17.06375pt>
File: headers/CH.pdf Graphic file (type pdf)
<use headers/CH.pdf>
Package pdftex.def Info: headers/CH.pdf  used on input line 207.
(pdftex.def)             Requested size: 300.01828pt x 20.0pt.
<headers/RH.pdf, id=4, 140.525pt x 10.0375pt>
File: headers/RH.pdf Graphic file (type pdf)
<use headers/RH.pdf>
Package pdftex.def Info: headers/RH.pdf  used on input line 207.
(pdftex.def)             Requested size: 140.00359pt x 10.0pt.
<headers/LF.pdf, id=5, 154.5775pt x 8.03pt>
File: headers/LF.pdf Graphic file (type pdf)
<use headers/LF.pdf>
Package pdftex.def Info: headers/LF.pdf  used on input line 207.
(pdftex.def)             Requested size: 173.26239pt x 9.0pt.
<headers/RF.pdf, id=6, 90.3375pt x 7.02625pt>
File: headers/RF.pdf Graphic file (type pdf)
<use headers/RF.pdf>
Package pdftex.def Info: headers/RF.pdf  used on input line 207.
(pdftex.def)             Requested size: 90.33727pt x 7.02621pt.
LaTeX Font Info:    Try loading font information for OT1+phv on input line 207.

(C:\TeX\MiKTeX\tex\latex\psnfss\ot1phv.fd
File: ot1phv.fd 2001/06/04 scalable font definitions for OT1/phv.
)
LaTeX Font Info:    Try loading font information for OMS+phv on input line 207.


(C:\TeX\MiKTeX\tex\latex\psnfss\omsphv.fd
File: omsphv.fd 
)
LaTeX Font Info:    Font shape `OMS/phv/m/n' in size <8> not available
(Font)              Font shape `OMS/cmsy/m/n' tried instead on input line 207.
 [1{C:/Users/10784/AppData/Local/MiKTeX/2.9/pdftex/config/pdftex.map}


 <./headers/LH.pdf> <./headers/CH.pdf> <./headers/RH.pdf> <./example.pdf> <./he
aders/LF.pdf> <./headers/RF.pdf>]
File: headers/RF.pdf Graphic file (type pdf)
<use headers/RF.pdf>
Package pdftex.def Info: headers/RF.pdf  used on input line 207.
(pdftex.def)             Requested size: 90.33727pt x 7.02621pt.
File: headers/LF.pdf Graphic file (type pdf)
<use headers/LF.pdf>
Package pdftex.def Info: headers/LF.pdf  used on input line 207.
(pdftex.def)             Requested size: 173.26239pt x 9.0pt.
 [2

]
(paper.aux) ) 
Here is how much of TeX's memory you used:
 4266 strings out of 492973
 60899 string characters out of 3142121
 145729 words of memory out of 3000000
 8021 multiletter control sequences out of 15000+200000
 57064 words of font info for 114 fonts, out of 3000000 for 9000
 1141 hyphenation exceptions out of 8191
 41i,14n,43p,469b,408s stack positions out of 5000i,500n,10000p,200000b,50000s
{C:/TeX/MiKTeX/fonts/enc/dvips/base/8r.enc}<C:/TeX/MiKTeX/fonts/ty
pe1/public/amsfonts/cm/cmr10.pfb><C:/TeX/MiKTeX/fonts/type1/public/amsfonts/cm/
cmsy10.pfb><C:/TeX/MiKTeX/fonts/type1/public/amsfonts/cm/cmsy7.pfb><C:/TeX/MiKT
eX/fonts/type1/public/amsfonts/cm/cmsy8.pfb><C:/TeX/MiKTeX/fonts/type1/urw/cour
ier/ucrr8a.pfb><C:/TeX/MiKTeX/fonts/type1/urw/helvetic/uhvr8a.pfb><C:/TeX/MiKTe
X/fonts/type1/urw/symbol/usyr.pfb><C:/TeX/MiKTeX/fonts/type1/urw/times/utmb8a.p
fb><C:/TeX/MiKTeX/fonts/type1/urw/times/utmbi8a.pfb><C:/TeX/MiKTeX/fonts/type1/
urw/times/utmr8a.pfb><C:/TeX/MiKTeX/fonts/type1/urw/times/utmri8a.pfb>
Output written on paper.pdf (2 pages, 191811 bytes).
PDF statistics:
 134 PDF objects out of 1000 (max. 8388607)
 0 named destinations out of 1000 (max. 500000)
 31 words of extra memory for PDF output out of 10000 (max. 10000000)

